nohup: ignoring input
2025-04-17 13:03:58,907 - httpx - INFO - HTTP Request: POST https://api.telegram.org/bot7641317425:AAFJhmKBXH5DH8PyBGrL4BSYY3hozJ-Ooqk/getMe "HTTP/1.1 200 OK"
2025-04-17 13:03:59,146 - httpx - INFO - HTTP Request: POST https://api.telegram.org/bot7641317425:AAFJhmKBXH5DH8PyBGrL4BSYY3hozJ-Ooqk/deleteWebhook "HTTP/1.1 200 OK"
2025-04-17 13:03:59,151 - telegram.ext.Application - INFO - Application started
2025-04-17 13:04:09,837 - httpx - INFO - HTTP Request: POST https://api.telegram.org/bot7641317425:AAFJhmKBXH5DH8PyBGrL4BSYY3hozJ-Ooqk/getUpdates "HTTP/1.1 200 OK"
2025-04-17 13:04:20,091 - httpx - INFO - HTTP Request: POST https://api.telegram.org/bot7641317425:AAFJhmKBXH5DH8PyBGrL4BSYY3hozJ-Ooqk/getUpdates "HTTP/1.1 200 OK"
2025-04-17 13:04:30,325 - httpx - INFO - HTTP Request: POST https://api.telegram.org/bot7641317425:AAFJhmKBXH5DH8PyBGrL4BSYY3hozJ-Ooqk/getUpdates "HTTP/1.1 200 OK"
2025-04-17 13:04:40,609 - httpx - INFO - HTTP Request: POST https://api.telegram.org/bot7641317425:AAFJhmKBXH5DH8PyBGrL4BSYY3hozJ-Ooqk/getUpdates "HTTP/1.1 200 OK"
2025-04-17 13:04:50,898 - httpx - INFO - HTTP Request: POST https://api.telegram.org/bot7641317425:AAFJhmKBXH5DH8PyBGrL4BSYY3hozJ-Ooqk/getUpdates "HTTP/1.1 200 OK"
2025-04-17 13:04:51,198 - httpx - INFO - HTTP Request: POST https://api.telegram.org/bot7641317425:AAFJhmKBXH5DH8PyBGrL4BSYY3hozJ-Ooqk/getUpdates "HTTP/1.1 200 OK"
2025-04-17 13:04:52,241 - httpx - INFO - HTTP Request: POST https://api.telegram.org/bot7641317425:AAFJhmKBXH5DH8PyBGrL4BSYY3hozJ-Ooqk/sendMessage "HTTP/1.1 200 OK"
2025-04-17 13:04:52,800 - httpx - INFO - HTTP Request: POST https://api.telegram.org/bot7641317425:AAFJhmKBXH5DH8PyBGrL4BSYY3hozJ-Ooqk/sendMessage "HTTP/1.1 200 OK"
2025-04-17 13:05:01,496 - httpx - INFO - HTTP Request: POST https://api.telegram.org/bot7641317425:AAFJhmKBXH5DH8PyBGrL4BSYY3hozJ-Ooqk/getUpdates "HTTP/1.1 200 OK"
2025-04-17 13:05:11,800 - httpx - INFO - HTTP Request: POST https://api.telegram.org/bot7641317425:AAFJhmKBXH5DH8PyBGrL4BSYY3hozJ-Ooqk/getUpdates "HTTP/1.1 200 OK"
2025-04-17 13:05:22,095 - httpx - INFO - HTTP Request: POST https://api.telegram.org/bot7641317425:AAFJhmKBXH5DH8PyBGrL4BSYY3hozJ-Ooqk/getUpdates "HTTP/1.1 200 OK"
2025-04-17 13:05:32,399 - httpx - INFO - HTTP Request: POST https://api.telegram.org/bot7641317425:AAFJhmKBXH5DH8PyBGrL4BSYY3hozJ-Ooqk/getUpdates "HTTP/1.1 200 OK"
2025-04-17 13:05:42,698 - httpx - INFO - HTTP Request: POST https://api.telegram.org/bot7641317425:AAFJhmKBXH5DH8PyBGrL4BSYY3hozJ-Ooqk/getUpdates "HTTP/1.1 200 OK"
2025-04-17 13:05:52,997 - httpx - INFO - HTTP Request: POST https://api.telegram.org/bot7641317425:AAFJhmKBXH5DH8PyBGrL4BSYY3hozJ-Ooqk/getUpdates "HTTP/1.1 200 OK"
2025-04-17 13:06:03,290 - httpx - INFO - HTTP Request: POST https://api.telegram.org/bot7641317425:AAFJhmKBXH5DH8PyBGrL4BSYY3hozJ-Ooqk/getUpdates "HTTP/1.1 200 OK"
2025-04-17 13:06:11,845 - httpx - INFO - HTTP Request: POST https://api.telegram.org/bot7641317425:AAFJhmKBXH5DH8PyBGrL4BSYY3hozJ-Ooqk/getUpdates "HTTP/1.1 200 OK"
2025-04-17 13:06:13,162 - httpx - INFO - HTTP Request: POST https://api.telegram.org/bot7641317425:AAFJhmKBXH5DH8PyBGrL4BSYY3hozJ-Ooqk/sendMessage "HTTP/1.1 200 OK"
2025-04-17 13:06:13,680 - httpx - INFO - HTTP Request: POST https://api.telegram.org/bot7641317425:AAFJhmKBXH5DH8PyBGrL4BSYY3hozJ-Ooqk/sendPhoto "HTTP/1.1 200 OK"
2025-04-17 13:06:22,102 - httpx - INFO - HTTP Request: POST https://api.telegram.org/bot7641317425:AAFJhmKBXH5DH8PyBGrL4BSYY3hozJ-Ooqk/getUpdates "HTTP/1.1 200 OK"
2025-04-17 13:06:32,337 - httpx - INFO - HTTP Request: POST https://api.telegram.org/bot7641317425:AAFJhmKBXH5DH8PyBGrL4BSYY3hozJ-Ooqk/getUpdates "HTTP/1.1 200 OK"
2025-04-17 13:06:42,620 - httpx - INFO - HTTP Request: POST https://api.telegram.org/bot7641317425:AAFJhmKBXH5DH8PyBGrL4BSYY3hozJ-Ooqk/getUpdates "HTTP/1.1 200 OK"
2025-04-17 13:06:52,588 - httpx - INFO - HTTP Request: POST https://api.telegram.org/bot7641317425:AAFJhmKBXH5DH8PyBGrL4BSYY3hozJ-Ooqk/getUpdates "HTTP/1.1 200 OK"
2025-04-17 13:06:53,896 - httpx - INFO - HTTP Request: POST https://api.telegram.org/bot7641317425:AAFJhmKBXH5DH8PyBGrL4BSYY3hozJ-Ooqk/sendMessage "HTTP/1.1 200 OK"
2025-04-17 13:06:54,529 - httpx - INFO - HTTP Request: POST https://api.telegram.org/bot7641317425:AAFJhmKBXH5DH8PyBGrL4BSYY3hozJ-Ooqk/sendMessage "HTTP/1.1 400 Bad Request"
2025-04-17 13:06:54,534 - __main__ - ERROR - Could not notify user 7942162118: Chat not found
2025-04-17 13:06:54,977 - httpx - INFO - HTTP Request: POST https://api.telegram.org/bot7641317425:AAFJhmKBXH5DH8PyBGrL4BSYY3hozJ-Ooqk/sendMessage "HTTP/1.1 200 OK"
2025-04-17 13:07:02,897 - httpx - INFO - HTTP Request: POST https://api.telegram.org/bot7641317425:AAFJhmKBXH5DH8PyBGrL4BSYY3hozJ-Ooqk/getUpdates "HTTP/1.1 200 OK"
2025-04-17 13:07:13,153 - httpx - INFO - HTTP Request: POST https://api.telegram.org/bot7641317425:AAFJhmKBXH5DH8PyBGrL4BSYY3hozJ-Ooqk/getUpdates "HTTP/1.1 200 OK"
2025-04-17 13:07:23,396 - httpx - INFO - HTTP Request: POST https://api.telegram.org/bot7641317425:AAFJhmKBXH5DH8PyBGrL4BSYY3hozJ-Ooqk/getUpdates "HTTP/1.1 200 OK"
2025-04-17 13:07:33,665 - httpx - INFO - HTTP Request: POST https://api.telegram.org/bot7641317425:AAFJhmKBXH5DH8PyBGrL4BSYY3hozJ-Ooqk/getUpdates "HTTP/1.1 200 OK"
2025-04-17 13:07:43,956 - httpx - INFO - HTTP Request: POST https://api.telegram.org/bot7641317425:AAFJhmKBXH5DH8PyBGrL4BSYY3hozJ-Ooqk/getUpdates "HTTP/1.1 200 OK"
2025-04-17 13:07:54,254 - httpx - INFO - HTTP Request: POST https://api.telegram.org/bot7641317425:AAFJhmKBXH5DH8PyBGrL4BSYY3hozJ-Ooqk/getUpdates "HTTP/1.1 200 OK"
2025-04-17 13:08:02,615 - httpx - INFO - HTTP Request: POST https://api.telegram.org/bot7641317425:AAFJhmKBXH5DH8PyBGrL4BSYY3hozJ-Ooqk/getUpdates "HTTP/1.1 200 OK"
2025-04-17 13:08:03,875 - httpx - INFO - HTTP Request: POST https://api.telegram.org/bot7641317425:AAFJhmKBXH5DH8PyBGrL4BSYY3hozJ-Ooqk/sendMessage "HTTP/1.1 200 OK"
2025-04-17 13:08:04,322 - httpx - INFO - HTTP Request: POST https://api.telegram.org/bot7641317425:AAFJhmKBXH5DH8PyBGrL4BSYY3hozJ-Ooqk/sendMessage "HTTP/1.1 200 OK"
2025-04-17 13:08:12,869 - httpx - INFO - HTTP Request: POST https://api.telegram.org/bot7641317425:AAFJhmKBXH5DH8PyBGrL4BSYY3hozJ-Ooqk/getUpdates "HTTP/1.1 200 OK"
2025-04-17 13:08:23,108 - httpx - INFO - HTTP Request: POST https://api.telegram.org/bot7641317425:AAFJhmKBXH5DH8PyBGrL4BSYY3hozJ-Ooqk/getUpdates "HTTP/1.1 200 OK"
